<?xml version="1.0" encoding="UTF-8"?>
<testng-results ignored="0" total="1" passed="1" failed="0" skipped="0">
	<reporter-output>
	</reporter-output>
	<suite started-at="2024-01-06T14:50:34 IST" name="Default suite"
		finished-at="2024-01-06T14:50:45 IST" duration-ms="10942">
		<groups>
		</groups>
		<test started-at="2024-01-06T14:50:34 IST" name="Default test"
			finished-at="2024-01-06T14:50:45 IST" duration-ms="10942">
			<class name="Jenkins.Fb_Login">
				<test-method
					signature="test()[pri:0, instance:Jenkins.Fb_Login@36902638]"
					started-at="2024-01-06T14:50:34 IST" name="test"
					finished-at="2024-01-06T14:50:45 IST" duration-ms="10806"
					status="PASS">
					<reporter-output>
					</reporter-output>
				</test-method> <!--
				test -->
			</class> <!--
			Jenkins.Fb_Login -->
		</test> <!--
		Default test -->
	</suite> <!--
	Default suite -->
</testng-results>
